<?xml version="1.0" encoding="UTF-8"?>
<testsuite xmlns:xsi="http://www.w3.org/2001/XMLSchema-instance" xsi:noNamespaceSchemaLocation="https://maven.apache.org/surefire/maven-failsafe-plugin/xsd/failsafe-test-report.xsd" name="com.lazerycode.selenium.tests.GoogleExampleIT" time="9.627" tests="2" errors="0" skipped="0" failures="1">
  <properties>
[...]
</properties>
  <testcase name="googleCheeseExample" classname="com.lazerycode.selenium.tests.GoogleExampleIT" time="5.633">
    <failure type="java.lang.AssertionError">java.lang.AssertionError
	at com.lazerycode.selenium.tests.GoogleExampleIT.googleCheeseExample(GoogleExampleIT.java:44)
</failure>
    <system-out><![CDATA[[&amp#27;[34m17:55:35,309 INFO&amp#27;[m][&amp#27;[35mTID 16&amp#27;[m][&amp#27;[36mc.l.s.c.DriverFactory.instantiateWebDriver&amp#27;[m] Local Operating System: WINDOWS 10  
[&amp#27;[34m17:55:35,313 INFO&amp#27;[m][&amp#27;[35mTID 16&amp#27;[m][&amp#27;[36mc.l.s.c.DriverFactory.instantiateWebDriver&amp#27;[m] Local Architecture: amd64  
[&amp#27;[34m17:55:35,313 INFO&amp#27;[m][&amp#27;[35mTID 16&amp#27;[m][&amp#27;[36mc.l.s.c.DriverFactory.instantiateWebDriver&amp#27;[m] Selected Browser: firefox  
[&amp#27;[34m17:55:35,313 INFO&amp#27;[m][&amp#27;[35mTID 16&amp#27;[m][&amp#27;[36mc.l.s.c.DriverFactory.instantiateWebDriver&amp#27;[m] Connecting to Selenium Grid: false  
[&amp#27;[34m17:55:40,890 INFO&amp#27;[m][&amp#27;[35mTID 16&amp#27;[m][&amp#27;[36mc.l.s.l.ScreenshotListener.onTestFailure&amp#27;[m] Written screenshot to C:\Temp\Virtualisering och DevOps\final project\practical project\Selenium-Maven-Template\target/screenshots\1607014540797_googleCheeseExample.png  
]]></system-out>
    <system-err><![CDATA[1607014536129	geckodriver	INFO	Listening on 127.0.0.1:36642
1607014536877	mozrunner::runner	INFO	Running command: "C:\\Program Files\\Mozilla Firefox\\firefox.exe" "--marionette" "-foreground" "-no-remote" "-profile" "C:\\Users\\A-ANTO~1\\AppData\\Local\\Temp\\rust_mozprofilerKspbz"
Can't find symbol 'eglSwapBuffersWithDamageEXT'.
Can't find symbol 'eglSetDamageRegionKHR'.
JavaScript error: resource://gre/modules/XULStore.jsm, line 66: Error: Can't find profile directory.
console.warn: SearchSettings: "get: No settings file exists, new profile?" (new Error("", "(unknown module)"))
1607014540003	Marionette	INFO	Listening on port 59850
1607014540511	Marionette	WARN	TLS certificate errors will be ignored for this session
dec 03, 2020 5:55:40 EM org.openqa.selenium.remote.ProtocolHandshake createSession
INFO: Detected dialect: W3C
]]></system-err>
  </testcase>
  <testcase name="googleMilkExample" classname="com.lazerycode.selenium.tests.GoogleExampleIT" time="1.477"/>
</testsuite>